This is pdfTeXk, Version 3.141592-1.40.3 (Web2C 7.5.6) (format=pdflatex 2009.4.9)  13 OCT 2009 19:42
entering extended mode
 %&-line parsing enabled.
**sig-alternate.tex
(./sig-alternate.tex
LaTeX2e <2005/12/01>
Babel <v3.8h> and hyphenation patterns for english, usenglishmax, dumylang, noh
yphenation, croatian, ukrainian, russian, bulgarian, czech, slovak, danish, dut
ch, finnish, basque, french, german, ngerman, ibycus, greek, monogreek, ancient
greek, hungarian, italian, latin, mongolian, norsk, icelandic, interlingua, tur
kish, coptic, romanian, welsh, serbian, slovenian, estonian, esperanto, upperso
rbian, indonesian, polish, portuguese, spanish, catalan, galician, swedish, loa
ded.
(./sig-alternate.cls (/usr/share/texmf-texlive/tex/latex/graphics/epsfig.sty
Package: epsfig 1999/02/16 v1.7a (e)psfig emulation (SPQR)

(/usr/share/texmf-texlive/tex/latex/graphics/graphicx.sty
Package: graphicx 1999/02/16 v1.0f Enhanced LaTeX Graphics (DPC,SPQR)

(/usr/share/texmf-texlive/tex/latex/graphics/keyval.sty
Package: keyval 1999/03/16 v1.13 key=value parser (DPC)
\KV@toks@=\toks14
)
(/usr/share/texmf-texlive/tex/latex/graphics/graphics.sty
Package: graphics 2006/02/20 v1.0o Standard LaTeX Graphics (DPC,SPQR)

(/usr/share/texmf-texlive/tex/latex/graphics/trig.sty
Package: trig 1999/03/16 v1.09 sin cos tan (DPC)
)
(/etc/texmf/tex/latex/config/graphics.cfg
File: graphics.cfg 2007/01/18 v1.5 graphics configuration of teTeX/TeXLive
)
Package graphics Info: Driver file: pdftex.def on input line 90.

(/usr/share/texmf-texlive/tex/latex/pdftex-def/pdftex.def
File: pdftex.def 2007/01/08 v0.04d Graphics/color for pdfTeX
\Gread@gobject=\count79
))
\Gin@req@height=\dimen102
\Gin@req@width=\dimen103
)
\epsfxsize=\dimen104
\epsfysize=\dimen105
)
(/usr/share/texmf-texlive/tex/latex/amsfonts/amssymb.sty
Package: amssymb 2002/01/22 v2.2d

(/usr/share/texmf-texlive/tex/latex/amsfonts/amsfonts.sty
Package: amsfonts 2001/10/25 v2.2f
\@emptytoks=\toks15
\symAMSa=\mathgroup4
\symAMSb=\mathgroup5
LaTeX Font Info:    Overwriting math alphabet `\mathfrak' in version `bold'
(Font)                  U/euf/m/n --> U/euf/b/n on input line 132.
))
(/usr/share/texmf-texlive/tex/latex/amsmath/amsmath.sty
Package: amsmath 2000/07/18 v2.13 AMS math features
\@mathmargin=\skip41

For additional information on amsmath, use the `?' option.
(/usr/share/texmf-texlive/tex/latex/amsmath/amstext.sty
Package: amstext 2000/06/29 v2.01

(/usr/share/texmf-texlive/tex/latex/amsmath/amsgen.sty
File: amsgen.sty 1999/11/30 v2.0
\@emptytoks=\toks16
\ex@=\dimen106
))
(/usr/share/texmf-texlive/tex/latex/amsmath/amsbsy.sty
Package: amsbsy 1999/11/29 v1.2d
\pmbraise@=\dimen107
)
(/usr/share/texmf-texlive/tex/latex/amsmath/amsopn.sty
Package: amsopn 1999/12/14 v2.01 operator names
)
\inf@bad=\count80
LaTeX Info: Redefining \frac on input line 211.
\uproot@=\count81
\leftroot@=\count82
LaTeX Info: Redefining \overline on input line 307.
\classnum@=\count83
\DOTSCASE@=\count84
LaTeX Info: Redefining \ldots on input line 379.
LaTeX Info: Redefining \dots on input line 382.
LaTeX Info: Redefining \cdots on input line 467.
\Mathstrutbox@=\box26
\strutbox@=\box27
\big@size=\dimen108
LaTeX Font Info:    Redeclaring font encoding OML on input line 567.
LaTeX Font Info:    Redeclaring font encoding OMS on input line 568.
\macc@depth=\count85
\c@MaxMatrixCols=\count86
\dotsspace@=\muskip10
\c@parentequation=\count87
\dspbrk@lvl=\count88
\tag@help=\toks17
\row@=\count89
\column@=\count90
\maxfields@=\count91
\andhelp@=\toks18
\eqnshift@=\dimen109
\alignsep@=\dimen110
\tagshift@=\dimen111
\tagwidth@=\dimen112
\totwidth@=\dimen113
\lineht@=\dimen114
\@envbody=\toks19
\multlinegap=\skip42
\multlinetaggap=\skip43
\mathdisplay@stack=\toks20
LaTeX Info: Redefining \[ on input line 2666.
LaTeX Info: Redefining \] on input line 2667.
)
Document Class 'sig-alternate' <22nd. April '09>. Modified by G.K.M. Tobin/Gerr
y Murray
Based in part upon document Style `acmconf' <22 May 89>. Hacked 4/91 by
shivers@cs.cmu.edu, 4/93 by theobald@cs.mcgill.ca
Excerpts were taken from (Journal Style) 'esub2acm.cls'.
****** Bugs/comments/suggestions/technicalities to Gerry Murray -- murray@hq.ac
m.org ******
Questions on the style, SIGS policies, etc. to Adrienne Griscti griscti@acm.org

\footheight=\dimen115
\@maxsep=\dimen116
\@dblmaxsep=\dimen117
\aucount=\count92
\originalaucount=\count93
\auwidth=\dimen118
\auskip=\dimen119
\auskipcount=\count94
\auskip=\dimen120
\allauboxes=\dimen121
\addauthors=\toks21
\addauflag=\count95
\subtitletext=\toks22
\savesection=\count96
\sectioncntr=\count97
\c@figure=\count98
\c@table=\count99
\titleboxnotes=\toks23
\titleboxnoteflag=\count100
Document Class: sig-alternate 2009/04/22 - V2.4 - based on acmproc.cls V1.3 <No
v. 30 '99>
(/usr/share/texmf-texlive/tex/latex/base/latexsym.sty
Package: latexsym 1998/08/17 v2.2e Standard LaTeX package (lasy symbols)
\symlasy=\mathgroup6
LaTeX Font Info:    Overwriting symbol font `lasy' in version `bold'
(Font)                  U/lasy/m/n --> U/lasy/b/n on input line 47.
)
\@acmtitlebox=\box28
\titlenotecount=\count101
\tntoks=\toks24
\tntokstwo=\toks25
\tntoksthree=\toks26
\tntoksfour=\toks27
\tntoksfive=\toks28
\catcount=\count102
\copyrightnotice=\toks29
\conf=\toks30
\confinfo=\toks31
\c@part=\count103
\c@section=\count104
\c@subsection=\count105
\c@subsubsection=\count106
\c@paragraph=\count107

Using 'Abbrev' bibliography style
LaTeX Info: Redefining \cite on input line 1211.
\bibindent=\dimen122
\colcntr=\count108
\saveb@x=\box29
\copyrtyr=\toks32
\acmcopyr=\toks33
\boilerplate=\toks34
\copyrightetc=\toks35
(/usr/share/texmf-texlive/tex/latex/base/fontenc.sty
Package: fontenc 2005/09/27 v1.99g Standard LaTeX package

(/usr/share/texmf-texlive/tex/latex/base/t1enc.def
File: t1enc.def 2005/09/27 v1.99g Standard LaTeX file
LaTeX Font Info:    Redeclaring font encoding T1 on input line 43.
)
LaTeX Font Info:    Try loading font information for T1+aer on input line 100.

(/usr/share/texmf-texlive/tex/latex/ae/t1aer.fd
File: t1aer.fd 1997/11/16 Font definitions for T1/aer.
))) (./sig-alternate.aux

LaTeX Warning: Label `fig-label' multiply defined.


LaTeX Warning: Label `fig-label' multiply defined.


LaTeX Warning: Label `fig-label' multiply defined.

)
\openout1 = `sig-alternate.aux'.

LaTeX Font Info:    Checking defaults for OML/cmm/m/it on input line 50.
LaTeX Font Info:    ... okay on input line 50.
LaTeX Font Info:    Checking defaults for T1/cmr/m/n on input line 50.
LaTeX Font Info:    ... okay on input line 50.
LaTeX Font Info:    Checking defaults for OT1/cmr/m/n on input line 50.
LaTeX Font Info:    ... okay on input line 50.
LaTeX Font Info:    Checking defaults for OMS/cmsy/m/n on input line 50.
LaTeX Font Info:    ... okay on input line 50.
LaTeX Font Info:    Checking defaults for OMX/cmex/m/n on input line 50.
LaTeX Font Info:    ... okay on input line 50.
LaTeX Font Info:    Checking defaults for U/cmr/m/n on input line 50.
LaTeX Font Info:    ... okay on input line 50.
LaTeX Font Info:    Try loading font information for U+msa on input line 60.
 (/usr/share/texmf-texlive/tex/latex/amsfonts/umsa.fd
File: umsa.fd 2002/01/19 v2.2g AMS font definitions
)
LaTeX Font Info:    Try loading font information for U+msb on input line 60.

(/usr/share/texmf-texlive/tex/latex/amsfonts/umsb.fd
File: umsb.fd 2002/01/19 v2.2g AMS font definitions
)
LaTeX Font Info:    Try loading font information for U+lasy on input line 60.

(/usr/share/texmf-texlive/tex/latex/base/ulasy.fd
File: ulasy.fd 1998/08/17 v2.2e LaTeX symbol font definitions
)
! Too many }'s.
l.63 \texttt{www.acm.org/eaddress.htm}}}
                                        
? 
[1

{/var/lib/texmf/fonts/map/pdftex/updmap/pdftex.map}

]
Overfull \hbox (0.71481pt too wide) in paragraph at lines 151--151
 []\eaddfnt wmensah@csee.wvu.edu| 
 []

LaTeX Font Info:    Try loading font information for T1+aett on input line 152.

(/usr/share/texmf-texlive/tex/latex/ae/t1aett.fd
File: t1aett.fd 1997/11/16 Font definitions for T1/aett.
)
Overfull \hbox (1.0793pt too wide) in paragraph at lines 153--162
\T1/aer/m/it/9 Prepar-ing ACM SIG Pro-ceed-ings Us-ing L[]T[]X$\OT1/cmr/m/n/9 2
[]$ \T1/aer/m/it/9 and BibT[]X\T1/aer/m/n/9 .
 []


Overfull \hbox (1.26794pt too wide) in paragraph at lines 180--181
\T1/aer/m/n/9 H.4 [\T1/aer/bx/n/9 Information Sys-tems Ap-pli-ca-tions\T1/aer/m
/n/9 ]: Mis-cel-la-neous;
 []

[2

]
Overfull \hbox (7.45865pt too wide) in paragraph at lines 228--230
\T1/aer/m/n/9 Both meth-ods fall un-der the un-su-per-vized dis-cretiza-tion me
th-
 []

! Missing \endcsname inserted.
<to be read again> 
                   \aftergroup 
l.244 \begin
            
? 
! Extra \endcsname.
\@ifundefined ...dafter \ifx \csname #1\endcsname 
                                                  \relax \expandafter \@firs...
l.244 \begin
            
? 
! Extra \else.
\@ifundefined ... \expandafter \@firstoftwo \else 
                                                  \expandafter \@secondoftwo...
l.244 \begin
            
? 
! Undefined control sequence.
\reserved@a ->\@nil 
                    
l.244 \begin
            
? 
! Extra }, or forgotten \endgroup.
<recently read> \egroup 
                        
l.244 \begin
            
? 
<no_disc_nb_cluster_pd.pdf, id=20, 794.97pt x 614.295pt>
File: no_disc_nb_cluster_pd.pdf Graphic file (type pdf)

<use no_disc_nb_cluster_pd.pdf>
Overfull \hbox (12.94499pt too wide) in paragraph at lines 246--247
 [] 
 []


! LaTeX Error: No counter 'copyrightbox' defined.

See the LaTeX manual or LaTeX Companion for explanation.
Type  H <return>  for immediate help.
 ...                                              
                                                  
l.249   \caption
                {\small Figure 1. PD: Naive-Bayes without discretization}
? 
! Extra }, or forgotten \endgroup.
\@endfloatbox ...pagefalse \outer@nobreak \egroup 
                                                  \color@endbox 
l.251 \end{figure}
                  
? 

! LaTeX Error: \begin{document} ended by \end{figure}.

See the LaTeX manual or LaTeX Companion for explanation.
Type  H <return>  for immediate help.
 ...                                              
                                                  
l.251 \end{figure}
                  
? 
! Missing \endcsname inserted.
<to be read again> 
                   \aftergroup 
l.254 \begin
            
? 
! Extra \endcsname.
\@ifundefined ...dafter \ifx \csname #1\endcsname 
                                                  \relax \expandafter \@firs...
l.254 \begin
            
? 
! Extra \else.
\@ifundefined ... \expandafter \@firstoftwo \else 
                                                  \expandafter \@secondoftwo...
l.254 \begin
            
? 
! Undefined control sequence.
\reserved@a ->\@nil 
                    
l.254 \begin
            
? 
! Extra }, or forgotten \endgroup.
<recently read> \egroup 
                        
l.254 \begin
            
? 
<no_disc_nb_cluster_pf.pdf, id=21, 794.97pt x 614.295pt>
File: no_disc_nb_cluster_pf.pdf Graphic file (type pdf)

<use no_disc_nb_cluster_pf.pdf>
Overfull \hbox (12.94499pt too wide) in paragraph at lines 256--257
 [] 
 []

[3
! Undefined control sequence.
<write> \@writefile{\ext@copyrightbox 
                                      }{\protect \contentsline {copyrightbox...
l.257   \end{center}
                    
? 
! Undefined control sequence.
<write> ...\protect \numberline {\thecopyrightbox 
                                                  }{\ignorespaces \relax \pr...
l.257   \end{center}
                    
? 
! Undefined control sequence.
<write> \newlabel{fig-label}{{\p@copyrightbox 
                                              \thecopyrightbox }{\thepage }}
l.257   \end{center}
                    
? 
! Undefined control sequence.
<write> ...bel}{{\p@copyrightbox \thecopyrightbox 
                                                  }{\thepage }}
l.257   \end{center}
                    
? 
 <./no_disc_nb_cluster_pd.pdf, page is rotated 90 degrees>]

! LaTeX Error: No counter 'copyrightbox' defined.

See the LaTeX manual or LaTeX Companion for explanation.
Type  H <return>  for immediate help.
 ...                                              
                                                  
l.259   \caption
                {\small Figure 2. PF: Naive-Bayes without discretization}
? 

! LaTeX Error: \begin{document} ended by \end{fig-label}.

See the LaTeX manual or LaTeX Companion for explanation.
Type  H <return>  for immediate help.
 ...                                              
                                                  
l.260   \label{fig-label} \end{fig-label}
                                         
? 

! LaTeX Error: \begin{document} ended by \end{figure}.

See the LaTeX manual or LaTeX Companion for explanation.
Type  H <return>  for immediate help.
 ...                                              
                                                  
l.261 \end{figure}
                  
? 
! Missing } inserted.
<inserted text> 
                }
l.261 \end{figure}
                  
? 
! Extra \endgroup.
<recently read> \endgroup 
                          
l.261 \end{figure}
                  
? 
! Missing \endcsname inserted.
<to be read again> 
                   \aftergroup 
l.268 \begin
            
? 
! Extra \endcsname.
\@ifundefined ...dafter \ifx \csname #1\endcsname 
                                                  \relax \expandafter \@firs...
l.268 \begin
            
? 
! Extra \else.
\@ifundefined ... \expandafter \@firstoftwo \else 
                                                  \expandafter \@secondoftwo...
l.268 \begin
            
? 
! Undefined control sequence.
\reserved@a ->\@nil 
                    
l.268 \begin
            
? 
! Extra }, or forgotten \endgroup.
<recently read> \egroup 
                        
l.268 \begin
            
? 
<disc_info_nb_pd.pdf, id=30, 794.97pt x 614.295pt>
File: disc_info_nb_pd.pdf Graphic file (type pdf)
 <use disc_info_nb_pd.pdf>
Overfull \hbox (12.94499pt too wide) in paragraph at lines 270--271
 [] 
 []


! LaTeX Error: No counter 'copyrightbox' defined.

See the LaTeX manual or LaTeX Companion for explanation.
Type  H <return>  for immediate help.
 ...                                              
                                                  
l.273   \caption
                {\small Figure 3. PD: InfoGain and Naive-Bayes}
? 

! LaTeX Error: \begin{document} ended by \end{fig-label}.

See the LaTeX manual or LaTeX Companion for explanation.
Type  H <return>  for immediate help.
 ...                                              
                                                  
l.274   \label{fig-label} \end{fig-label}
                                         
? 

! LaTeX Error: \begin{document} ended by \end{figure}.

See the LaTeX manual or LaTeX Companion for explanation.
Type  H <return>  for immediate help.
 ...                                              
                                                  
l.275 \end{figure}
                  
? 
! Extra \endgroup.
<recently read> \endgroup 
                          
l.275 \end{figure}
                  
? 
! Missing \endcsname inserted.
<to be read again> 
                   \aftergroup 
l.277 \begin
            
? 
! Extra \endcsname.
\@ifundefined ...dafter \ifx \csname #1\endcsname 
                                                  \relax \expandafter \@firs...
l.277 \begin
            
? 
! Extra \else.
\@ifundefined ... \expandafter \@firstoftwo \else 
                                                  \expandafter \@secondoftwo...
l.277 \begin
            
? 
! Undefined control sequence.
\reserved@a ->\@nil 
                    
l.277 \begin
            
? 
! Extra }, or forgotten \endgroup.
<recently read> \egroup 
                        
l.277 \begin
            
? 
<disc_info_nb_pf.pdf, id=31, 794.97pt x 614.295pt>
File: disc_info_nb_pf.pdf Graphic file (type pdf)
 <use disc_info_nb_pf.pdf>
Overfull \hbox (12.94499pt too wide) in paragraph at lines 279--280
 [] 
 []


! LaTeX Error: No counter 'copyrightbox' defined.

See the LaTeX manual or LaTeX Companion for explanation.
Type  H <return>  for immediate help.
 ...                                              
                                                  
l.281   \caption
                {\small Figure 4. PF InfoGain and Naive-Bayes}
? 

! LaTeX Error: \begin{document} ended by \end{fig-label}.

See the LaTeX manual or LaTeX Companion for explanation.
Type  H <return>  for immediate help.
 ...                                              
                                                  
l.282   \label{fig-label} \end{fig-label}
                                         
? 

! LaTeX Error: \begin{document} ended by \end{figure}.

See the LaTeX manual or LaTeX Companion for explanation.
Type  H <return>  for immediate help.
 ...                                              
                                                  
l.283 \end{figure}
                  
? 
! Extra \endgroup.
<recently read> \endgroup 
                          
l.283 \end{figure}
                  
? 

LaTeX Warning: Citation `critique' on page \thepage  undefined on input line 29
2.

[4
! Undefined control sequence.
<write> \@writefile{\ext@copyrightbox 
                                      }{\protect \contentsline {copyrightbox...
l.293 
      
? 
! Undefined control sequence.
<write> ...\protect \numberline {\thecopyrightbox 
                                                  }{\ignorespaces \relax \pr...
l.293 
      
? 
! Undefined control sequence.
<write> \newlabel{fig-label}{{\p@copyrightbox 
                                              \thecopyrightbox }{\thepage }}
l.293 
      
? 
! Undefined control sequence.
<write> ...bel}{{\p@copyrightbox \thecopyrightbox 
                                                  }{\thepage }}
l.293 
      
? 
! Undefined control sequence.
<write> \@writefile{\ext@copyrightbox 
                                      }{\protect \contentsline {copyrightbox...
l.293 
      
? 
! Undefined control sequence.
<write> ...\protect \numberline {\thecopyrightbox 
                                                  }{\ignorespaces \relax \pr...
l.293 
      
? 
! Undefined control sequence.
<write> \newlabel{fig-label}{{\p@copyrightbox 
                                              \thecopyrightbox }{\thepage }}
l.293 
      
? 
! Undefined control sequence.
<write> ...bel}{{\p@copyrightbox \thecopyrightbox 
                                                  }{\thepage }}
l.293 
      
? 
! Undefined control sequence.
<write> \@writefile{\ext@copyrightbox 
                                      }{\protect \contentsline {copyrightbox...
l.293 
      
? 
! Undefined control sequence.
<write> ...\protect \numberline {\thecopyrightbox 
                                                  }{\ignorespaces \relax \pr...
l.293 
      
? 
! Undefined control sequence.
<write> \newlabel{fig-label}{{\p@copyrightbox 
                                              \thecopyrightbox }{\thepage }}
l.293 
      
? 
! Undefined control sequence.
<write> ...bel}{{\p@copyrightbox \thecopyrightbox 
                                                  }{\thepage }}
l.293 
      
? 
 <./no_disc_nb_cluster_pf.pdf, page is rotated 90 degrees> <./disc_info_nb_pd.p
df, page is rotated 90 degrees> <./disc_info_nb_pf.pdf, page is rotated 90 degr
ees>]

LaTeX Warning: Citation `missingdata' on page \thepage  undefined on input line
 305.


LaTeX Warning: Citation `Lamport:LaTeX' on page \thepage  undefined on input li
ne 355.

[5]

LaTeX Warning: Citation `Lamport:LaTeX' on page \thepage  undefined on input li
ne 370.


LaTeX Warning: Citation `bowman:reasoning' on page \thepage  undefined on input
 line 397.


LaTeX Warning: Citation `clark:pct' on page \thepage  undefined on input line 3
97.


LaTeX Warning: Citation `braams:babel' on page \thepage  undefined on input lin
e 397.


LaTeX Warning: Citation `herlihy:methodology' on page \thepage  undefined on in
put line 397.


LaTeX Warning: Citation `clark:pct' on page \thepage  undefined on input line 3
98.


LaTeX Warning: Citation `salas:calculus' on page \thepage  undefined on input l
ine 399.


LaTeX Warning: Citation `Lamport:LaTeX' on page \thepage  undefined on input li
ne 399.


LaTeX Warning: Citation `Lamport:LaTeX' on page \thepage  undefined on input li
ne 405.


LaTeX Warning: Citation `Lamport:LaTeX' on page \thepage  undefined on input li
ne 416.


LaTeX Warning: File `fly.eps' not found on input line 491.


! LaTeX Error: Unknown graphics extension: .eps.

See the LaTeX manual or LaTeX Companion for explanation.
Type  H <return>  for immediate help.
 ...                                              
                                                  
l.491 \epsfig{file=fly.eps}
                           
? 

LaTeX Warning: File `fly.eps' not found on input line 497.


! LaTeX Error: Unknown graphics extension: .eps.

See the LaTeX manual or LaTeX Companion for explanation.
Type  H <return>  for immediate help.
 ...                                              
                                                  
l.497 \epsfig{file=fly.eps, height=1in, width=1in}
                                                  
? 

LaTeX Font Warning: Font shape `T1/aett/bx/n' undefined
(Font)              using `T1/aett/m/n' instead on input line 499.


LaTeX Warning: File `flies.eps' not found on input line 509.


! LaTeX Error: Unknown graphics extension: .eps.

See the LaTeX manual or LaTeX Companion for explanation.
Type  H <return>  for immediate help.
 ...                                              
                                                  
l.509 \epsfig{file=flies.eps}
                             
? 

LaTeX Warning: File `rosette.ps' not found on input line 523.


! LaTeX Error: Unknown graphics extension: .ps.

See the LaTeX manual or LaTeX Companion for explanation.
Type  H <return>  for immediate help.
 ...                                              
                                                  
l.523 ...{file=rosette.ps, height=1in, width=1in,}
                                                  
? 
[6]
\c@theorem=\count109
\c@definition=\count110

Overfull \hbox (15.60826pt too wide) detected at line 579
\OML/cmm/m/it/9 l \OT1/cmr/m/n/9 = [] \OML/cmm/m/it/9 f\OT1/cmr/m/n/9 (\OML/cmm
/m/it/9 x\OT1/cmr/m/n/9 ) = [] [] = [] \OML/cmm/m/it/9 g\OT1/cmr/m/n/9 (\OML/cm
m/m/it/9 x\OT1/cmr/m/n/9 ) \OMS/cmsy/m/n/9 ^^A [] [] \OT1/cmr/m/n/9 = 0 \OMS/cm
sy/m/n/9 ^^A \OML/cmm/m/it/9 L \OT1/cmr/m/n/9 = 0\OML/cmm/m/it/9 ;
 []


LaTeX Warning: Citation `salas:calculus' on page \thepage  undefined on input l
ine 589.

(./sig-alternate.bbl) [7] [8

] (./sig-alternate.aux)

LaTeX Font Warning: Some font shapes were not available, defaults substituted.


LaTeX Warning: There were multiply-defined labels.

 ) 
Here is how much of TeX's memory you used:
 1977 strings out of 94101
 22037 string characters out of 1165811
 79205 words of memory out of 1500000
 5195 multiletter control sequences out of 10000+50000
 63916 words of font info for 90 fonts, out of 1200000 for 2000
 637 hyphenation exceptions out of 8191
 39i,10n,26p,1631b,252s stack positions out of 5000i,500n,6000p,200000b,5000s
{/usr/share/texmf-texlive/fonts/enc/dvips/base/8r.enc}</usr/share/texmf-texli
ve/fonts/type1/bluesky/cm/cmbx8.pfb></usr/share/texmf-texlive/fonts/type1/blues
ky/cm/cmbx9.pfb></usr/share/texmf-texlive/fonts/type1/bluesky/cm/cmcsc10.pfb></
usr/share/texmf-texlive/fonts/type1/bluesky/cm/cmmi6.pfb></usr/share/texmf-texl
ive/fonts/type1/bluesky/cm/cmmi9.pfb></usr/share/texmf-texlive/fonts/type1/blue
sky/cm/cmr6.pfb></usr/share/texmf-texlive/fonts/type1/bluesky/cm/cmr9.pfb></usr
/share/texmf-texlive/fonts/type1/bluesky/cm/cmsy6.pfb></usr/share/texmf-texlive
/fonts/type1/bluesky/cm/cmsy9.pfb></usr/share/texmf-texlive/fonts/type1/bluesky
/cm/cmti7.pfb></usr/share/texmf-texlive/fonts/type1/bluesky/cm/cmti9.pfb></usr/
share/texmf-texlive/fonts/type1/bluesky/cm/cmtt9.pfb></usr/share/texmf-texlive/
fonts/type1/public/cmex/fmex9.pfb></usr/share/texmf-texlive/fonts/type1/urw/hel
vetic/uhvb8a.pfb></usr/share/texmf-texlive/fonts/type1/urw/helvetic/uhvr8a.pfb>
</usr/share/texmf-texlive/fonts/type1/urw/times/utmb8a.pfb></usr/share/texmf-te
xlive/fonts/type1/urw/times/utmbi8a.pfb></usr/share/texmf-texlive/fonts/type1/u
rw/times/utmr8a.pfb></usr/share/texmf-texlive/fonts/type1/urw/times/utmri8a.pfb
>
Output written on sig-alternate.pdf (8 pages, 197097 bytes).
PDF statistics:
 126 PDF objects out of 1000 (max. 8388607)
 0 named destinations out of 1000 (max. 131072)
 21 words of extra memory for PDF output out of 10000 (max. 10000000)

